<?xml version="1.0" encoding="UTF-8"?>
<!-- Generated by org.testng.reporters.JUnitXMLReporter -->
<testsuite ignored="0" hostname="NBDLH6PY3H2" failures="1" tests="21" name="Test" time="173.023" errors="0" timestamp="2020-02-19T15:59:13 EST">
  <testcase classname="Reports.FleetReport" name="Test" time="12.782"/>
  <testcase classname="Reports.FleetReport" name="FleetReports" time="2.441"/>
  <testcase classname="Reports.FleetReport" name="ColumnSort" time="0.966"/>
  <testcase classname="Reports.FleetReport" name="DeviceSearch" time="2.346"/>
  <testcase classname="Reports.FleetReport" name="AliasSearch" time="0.828"/>
  <testcase classname="Reports.FleetReport" name="DateSearch" time="2.292"/>
  <testcase classname="Reports.SummaryReport" name="Test" time="11.95"/>
  <testcase classname="Reports.SummaryReport" name="SummaryReports" time="1.829"/>
  <testcase classname="Reports.SummaryReport" name="DaysBehindWheel" time="3.109"/>
  <testcase classname="Reports.SummaryReport" name="LongestTrip" time="2.121"/>
  <testcase classname="Reports.SummaryReport" name="SpeedingEvents" time="2.681"/>
  <testcase classname="Reports.SummaryReport" name="TOTAL_MILES_DRIVEN" time="2.709"/>
  <testcase classname="Reports.SummaryReport" name="BATTERY_HEALTH" time="2.729"/>
  <testcase classname="Reports.SummaryReport" name="HARD_BRAKING_EVENTS" time="2.587"/>
  <testcase classname="Reports.SummaryReport" name="Vehicle_Location" time="2.241"/>
  <testcase classname="Reports.SummaryReport" name="Diagnostic_Trouble_Code" time="2.047"/>
  <testcase classname="Reports.SummaryReport" name="Hard_Acceleration_Events" time="2.163"/>
  <testcase classname="Reports.CustomerBilling" name="Test" time="12.258"/>
  <testcase classname="Reports.CustomerBilling" name="Customer" time="27.404"/>
  <testcase classname="Reports.LogReports" name="Test" time="12.118"/>
  <testcase classname="Reports.LogReports" name="Logs" time="61.709">
    <failure type="org.openqa.selenium.TimeoutException" message="Expected condition failed: waiting for element to be clickable: By.xpath: //div[@class=&amp;apos;ui-datepicker-title&amp;apos;] (tried for 60 second(s) with 500 milliseconds interval)">
      <![CDATA[org.openqa.selenium.TimeoutException: Expected condition failed: waiting for element to be clickable: By.xpath: //div[@class='ui-datepicker-title'] (tried for 60 second(s) with 500 milliseconds interval)
at org.openqa.selenium.support.ui.WebDriverWait.timeoutException(WebDriverWait.java:95)
at org.openqa.selenium.support.ui.FluentWait.until(FluentWait.java:272)
at Reports.LogReports.SelectDay(LogReports.java:150)
at Reports.LogReports.Logs(LogReports.java:100)
at java.base/java.util.ArrayList.forEach(ArrayList.java:1540)
Caused by: org.openqa.selenium.NoSuchElementException: no such element: Unable to locate element: {"method":"xpath","selector":"//div[@class='ui-datepicker-title']"}
  (Session info: chrome=80.0.3987.116)
For documentation on this error, please visit: https://www.seleniumhq.org/exceptions/no_such_element.html
Build info: version: '3.141.59', revision: 'e82be7d358', time: '2018-11-14T08:17:03'
System info: host: 'NBDLH6PY3H2', ip: '10.105.40.32', os.name: 'Windows 10', os.arch: 'amd64', os.version: '10.0', java.version: '12.0.2'
Driver info: org.openqa.selenium.chrome.ChromeDriver
Capabilities {acceptInsecureCerts: false, browserName: chrome, browserVersion: 80.0.3987.116, chrome: {chromedriverVersion: 80.0.3987.106 (f68069574609..., userDataDir: C:\Users\KRISHN~1\AppData\L...}, goog:chromeOptions: {debuggerAddress: localhost:54536}, javascriptEnabled: true, networkConnectionEnabled: false, pageLoadStrategy: normal, platform: WINDOWS, platformName: WINDOWS, proxy: Proxy(), setWindowRect: true, strictFileInteractability: false, timeouts: {implicit: 0, pageLoad: 300000, script: 30000}, unhandledPromptBehavior: dismiss and notify}
Session ID: 26f936a0ca6b40787ca364e26a3dec1d
*** Element info: {Using=xpath, value=//div[@class='ui-datepicker-title']}
at org.openqa.selenium.remote.http.W3CHttpResponseCodec.createException(W3CHttpResponseCodec.java:187)
at org.openqa.selenium.remote.http.W3CHttpResponseCodec.decode(W3CHttpResponseCodec.java:122)
at org.openqa.selenium.remote.http.W3CHttpResponseCodec.decode(W3CHttpResponseCodec.java:49)
at org.openqa.selenium.remote.HttpCommandExecutor.execute(HttpCommandExecutor.java:158)
at org.openqa.selenium.remote.service.DriverCommandExecutor.execute(DriverCommandExecutor.java:83)
at org.openqa.selenium.remote.RemoteWebDriver.execute(RemoteWebDriver.java:552)
at org.openqa.selenium.remote.RemoteWebDriver.findElement(RemoteWebDriver.java:323)
at org.openqa.selenium.remote.RemoteWebDriver.findElementByXPath(RemoteWebDriver.java:428)
at org.openqa.selenium.By$ByXPath.findElement(By.java:353)
at org.openqa.selenium.remote.RemoteWebDriver.findElement(RemoteWebDriver.java:315)
at org.openqa.selenium.support.ui.ExpectedConditions$7.apply(ExpectedConditions.java:205)
at org.openqa.selenium.support.ui.ExpectedConditions$7.apply(ExpectedConditions.java:201)
at org.openqa.selenium.support.ui.ExpectedConditions$22.apply(ExpectedConditions.java:641)
at org.openqa.selenium.support.ui.ExpectedConditions$22.apply(ExpectedConditions.java:638)
at org.openqa.selenium.support.ui.FluentWait.until(FluentWait.java:249)
... 30 more
... Removed 32 stack frames]]>
    </failure>
  </testcase> <!-- Logs -->
</testsuite> <!-- Test -->
