<?xml version="1.0" encoding="UTF-8"?>
<!-- Generated by org.testng.reporters.JUnitXMLReporter -->
<testsuite ignored="0" hostname="NBDLH6PY3H2" failures="2" tests="33" name="Test" time="359.487" errors="0" timestamp="2020-02-20T09:51:17 EST">
  <testcase classname="Home.DataTripsPage" name="Test" time="10.981"/>
  <testcase classname="Home.DataTripsPage" name="Data" time="3.665"/>
  <testcase classname="Home.DataTripsPage" name="Trips" time="1.364"/>
  <testcase classname="Home.DataTripsPage" name="CSVFunctionality" time="11.363"/>
  <testcase classname="Home.DataTripsPage" name="BinFunctionality" time="13.438"/>
  <testcase classname="Home.DataPage" name="Test" time="10.693"/>
  <testcase classname="Home.DataPage" name="Data" time="4.012"/>
  <testcase classname="Home.DataPage" name="MsgID" time="4.952"/>
  <testcase classname="Home.DataPage" name="Protocol" time="34.77"/>
  <testcase classname="Home.DataPage" name="DeviceTime" time="2.638"/>
  <testcase classname="Home.DataPage" name="ProviderTime" time="2.73">
    <failure type="java.lang.AssertionError" message="expected [true] but found [false]">
      <![CDATA[java.lang.AssertionError: expected [true] but found [false]
at Utilities.SortList.DataSort(SortList.java:23)
at Home.DataPage.ProviderTime(DataPage.java:129)
at java.base/java.util.ArrayList.forEach(ArrayList.java:1540)
... Removed 32 stack frames]]>
    </failure>
  </testcase> <!-- ProviderTime -->
  <testcase classname="Home.DataPage" name="VisionTime" time="2.738"/>
  <testcase classname="Home.DataPage" name="PayloadType" time="1.89"/>
  <testcase classname="Home.DataPage" name="CSVFunctionality" time="11.37"/>
  <testcase classname="Home.DataPage" name="BinFunctionality" time="13.857"/>
  <testcase classname="Home.Trips" name="Test" time="10.406"/>
  <testcase classname="Home.Trips" name="TripsPage" time="6.809"/>
  <testcase classname="Home.Trips" name="Trip" time="31.476">
    <failure type="org.openqa.selenium.NoSuchElementException" message="Cannot locate element with text: UDP
For documentation on this error, please visit: https://www.seleniumhq.org/exceptions/no_such_element.html
Build info: version: &amp;apos;3.141.59&amp;apos;, revision: &amp;apos;e82be7d358&amp;apos;, time: &amp;apos;2018-11-14T08:17:03&amp;apos;
System info: host: &amp;apos;NBDLH6PY3H2&amp;apos;, ip: &amp;apos;10.105.40.84&amp;apos;, os.name: &amp;apos;Windows 10&amp;apos;, os.arch: &amp;apos;amd64&amp;apos;, os.version: &amp;apos;10.0&amp;apos;, java.version: &amp;apos;12.0.2&amp;apos;
Driver info: driver.version: unknown">
      <![CDATA[org.openqa.selenium.NoSuchElementException: Cannot locate element with text: UDP
For documentation on this error, please visit: https://www.seleniumhq.org/exceptions/no_such_element.html
Build info: version: '3.141.59', revision: 'e82be7d358', time: '2018-11-14T08:17:03'
System info: host: 'NBDLH6PY3H2', ip: '10.105.40.84', os.name: 'Windows 10', os.arch: 'amd64', os.version: '10.0', java.version: '12.0.2'
Driver info: driver.version: unknown
at org.openqa.selenium.support.ui.Select.selectByVisibleText(Select.java:147)
at Home.Trips.Trip(Trips.java:94)
at java.base/java.util.ArrayList.forEach(ArrayList.java:1540)
... Removed 27 stack frames]]>
    </failure>
  </testcase> <!-- Trip -->
  <testcase classname="Home.VehiclePage" name="Test" time="10.459"/>
  <testcase classname="Home.VehiclePage" name="Data" time="4.151"/>
  <testcase classname="Home.VehiclePage" name="Trips" time="1.211"/>
  <testcase classname="Home.VehiclePage" name="PID" time="32.505"/>
  <testcase classname="Home.VehiclePage" name="Description" time="32.47"/>
  <testcase classname="Home.VehiclePage" name="Units" time="31.999"/>
  <testcase classname="Home.VehiclePage" name="Periodicity" time="31.924"/>
  <testcase classname="Home.HomePage" name="Test" time="10.442"/>
  <testcase classname="Home.HomePage" name="DashboardPage" time="2.419"/>
  <testcase classname="Home.HomePage" name="LatestAlerts" time="0.474"/>
  <testcase classname="Home.HomePage" name="VehicleStatus" time="0.275"/>
  <testcase classname="Home.HomePage" name="DeviceEvents" time="0.313"/>
  <testcase classname="Home.HomePage" name="Driving_behaviour" time="0.316"/>
  <testcase classname="Home.HomePage" name="FullMap" time="8.277"/>
  <testcase classname="Home.HomePage" name="Map" time="6.593"/>
</testsuite> <!-- Test -->
